Importer Log Report
Document: C:\Users\Administrator\Documents\Krutav Projects\PCIE to MXM Adapter\PCIE x1 to MXM3.0\PCIEx1toMXM3.0.kicad_pcb
    Section : Analyze Document from - C:\Users\Administrator\Documents\Krutav Projects\PCIE to MXM Adapter\PCIE x1 to MXM3.0\PCIEx1toMXM3.0.kicad_pcb
    EndSection
    Section : Import Document - C:\Users\Administrator\Documents\Krutav Projects\PCIE to MXM Adapter\PCIE x1 to MXM3.0\Imported PCIEx1toMXM3.0\PCIEx1toMXM3.0.PcbDoc
        Section : Component C16 importing.
        EndSection
        Section : Component L1 importing.
        EndSection
        Section : Component C14 importing.
        EndSection
        Section : Component C3 importing.
        EndSection
        Section : Component C2 importing.
        EndSection
        Section : Component C1 importing.
        EndSection
        Section : Component R20 importing.
        EndSection
        Section : Component R16 importing.
        EndSection
        Section : Component R6 importing.
        EndSection
        Section : Component R1 importing.
        EndSection
        Section : Component R3 importing.
        EndSection
        Section : Component D3 importing.
        EndSection
        Section : Component R17 importing.
        EndSection
        Section : Component R18 importing.
        EndSection
        Section : Component R14 importing.
        EndSection
        Section : Component R15 importing.
        EndSection
        Section : Component D7 importing.
        EndSection
        Section : Component R11 importing.
        EndSection
        Section : Component SW2 importing.
        EndSection
        Section : Component J4 importing.
        EndSection
        Section : Component J2 importing.
        EndSection
        Section : Component R12 importing.
        EndSection
        Section : Component J6 importing.
        EndSection
        Section : Component J1 importing.
        EndSection
        Section : Component SW1 importing.
        EndSection
        Section : Component MH1 importing.
        EndSection
        Section : Component MH2 importing.
        EndSection
        Section : Component MH3 importing.
        EndSection
        Section : Component MH4 importing.
        EndSection
        Section : Component J3 importing.
        EndSection
        Section : Component U1 importing.
        EndSection
        Section : Component Q1 importing.
        EndSection
        Section : Component D5 importing.
        EndSection
        Section : Component D1 importing.
        EndSection
    EndSection
