Removed Pin From Net: NetName=+12V Pin=D1-2
Removed Pin From Net: NetName=+12V Pin=J1-A2
Removed Pin From Net: NetName=+12V Pin=J1-A3
Removed Pin From Net: NetName=GND Pin=J1-A4
Removed Pin From Net: NetName=GND Pin=J1-A12
Removed Pin From Net: NetName=GND Pin=J1-A15
Removed Pin From Net: NetName=GND Pin=J1-A18
Removed Pin From Net: NetName=GND Pin=J1-A20
Removed Pin From Net: NetName=GND Pin=J1-A23
Removed Pin From Net: NetName=GND Pin=J1-A24
Removed Pin From Net: NetName=GND Pin=J1-A27
Removed Pin From Net: NetName=GND Pin=J1-A28
Removed Pin From Net: NetName=GND Pin=J1-A31
Removed Pin From Net: NetName=GND Pin=J1-A34
Removed Pin From Net: NetName=GND Pin=J1-A37
Removed Pin From Net: NetName=GND Pin=J1-A38
Removed Pin From Net: NetName=GND Pin=J1-A41
Removed Pin From Net: NetName=GND Pin=J1-A42
Removed Pin From Net: NetName=GND Pin=J1-A45
Removed Pin From Net: NetName=GND Pin=J1-A46
Removed Pin From Net: NetName=GND Pin=J1-A49
Removed Pin From Net: NetName=GND Pin=J1-A51
Removed Pin From Net: NetName=GND Pin=J1-A54
Removed Pin From Net: NetName=GND Pin=J1-A55
Removed Pin From Net: NetName=GND Pin=J1-A58
Removed Pin From Net: NetName=GND Pin=J1-A59
Removed Pin From Net: NetName=GND Pin=J1-A62
Removed Pin From Net: NetName=GND Pin=J1-A63
Removed Pin From Net: NetName=GND Pin=J1-A66
Removed Pin From Net: NetName=GND Pin=J1-A67
Removed Pin From Net: NetName=GND Pin=J1-A70
Removed Pin From Net: NetName=GND Pin=J1-A71
Removed Pin From Net: NetName=GND Pin=J1-A74
Removed Pin From Net: NetName=GND Pin=J1-A75
Removed Pin From Net: NetName=GND Pin=J1-A78
Removed Pin From Net: NetName=GND Pin=J1-A79
Removed Pin From Net: NetName=GND Pin=J1-A82
Removed Pin From Net: NetName=+12V Pin=J1-B2
Removed Pin From Net: NetName=+12V Pin=J1-B3
Removed Pin From Net: NetName=GND Pin=J1-B7
Removed Pin From Net: NetName=GND Pin=J1-B13
Removed Pin From Net: NetName=GND Pin=J1-B16
Removed Pin From Net: NetName=GND Pin=J1-B18
Removed Pin From Net: NetName=GND Pin=J1-B21
Removed Pin From Net: NetName=GND Pin=J1-B22
Removed Pin From Net: NetName=GND Pin=J1-B25
Removed Pin From Net: NetName=GND Pin=J1-B26
Removed Pin From Net: NetName=GND Pin=J1-B29
Removed Pin From Net: NetName=GND Pin=J1-B32
Removed Pin From Net: NetName=GND Pin=J1-B35
Removed Pin From Net: NetName=GND Pin=J1-B36
Removed Pin From Net: NetName=GND Pin=J1-B39
Removed Pin From Net: NetName=GND Pin=J1-B40
Removed Pin From Net: NetName=GND Pin=J1-B43
Removed Pin From Net: NetName=GND Pin=J1-B44
Removed Pin From Net: NetName=GND Pin=J1-B47
Removed Pin From Net: NetName=GND Pin=J1-B49
Removed Pin From Net: NetName=GND Pin=J1-B52
Removed Pin From Net: NetName=GND Pin=J1-B53
Removed Pin From Net: NetName=GND Pin=J1-B56
Removed Pin From Net: NetName=GND Pin=J1-B57
Removed Pin From Net: NetName=GND Pin=J1-B60
Removed Pin From Net: NetName=GND Pin=J1-B61
Removed Pin From Net: NetName=GND Pin=J1-B64
Removed Pin From Net: NetName=GND Pin=J1-B65
Removed Pin From Net: NetName=GND Pin=J1-B68
Removed Pin From Net: NetName=GND Pin=J1-B69
Removed Pin From Net: NetName=GND Pin=J1-B72
Removed Pin From Net: NetName=GND Pin=J1-B73
Removed Pin From Net: NetName=GND Pin=J1-B76
Removed Pin From Net: NetName=GND Pin=J1-B77
Removed Pin From Net: NetName=GND Pin=J1-B80
Removed Pin From Net: NetName=+5V Pin=J2-3
Removed Pin From Net: NetName=+5V Pin=J2-5
Removed Pin From Net: NetName=+5V Pin=J2-7
Removed Pin From Net: NetName=+5V Pin=J2-9
Removed Pin From Net: NetName=GND Pin=J2-11
Removed Pin From Net: NetName=GND Pin=J2-13
Removed Pin From Net: NetName=GND Pin=J2-15
Removed Pin From Net: NetName=GND Pin=J2-17
Removed Pin From Net: NetName=GND Pin=J2-36
Removed Pin From Net: NetName=GND Pin=J2-37
Removed Pin From Net: NetName=GND Pin=J2-46
Removed Pin From Net: NetName=GND Pin=J2-47
Removed Pin From Net: NetName=GND Pin=J2-52
Removed Pin From Net: NetName=GND Pin=J2-53
Removed Pin From Net: NetName=GND Pin=J2-58
Removed Pin From Net: NetName=GND Pin=J2-59
Removed Pin From Net: NetName=GND Pin=J2-64
Removed Pin From Net: NetName=GND Pin=J2-65
Removed Pin From Net: NetName=GND Pin=J2-70
Removed Pin From Net: NetName=GND Pin=J2-71
Removed Pin From Net: NetName=GND Pin=J2-76
Removed Pin From Net: NetName=GND Pin=J2-77
Removed Pin From Net: NetName=GND Pin=J2-82
Removed Pin From Net: NetName=GND Pin=J2-83
Removed Pin From Net: NetName=GND Pin=J2-88
Removed Pin From Net: NetName=GND Pin=J2-89
Removed Pin From Net: NetName=GND Pin=J2-94
Removed Pin From Net: NetName=GND Pin=J2-95
Removed Pin From Net: NetName=GND Pin=J2-100
Removed Pin From Net: NetName=GND Pin=J2-101
Removed Pin From Net: NetName=GND Pin=J2-106
Removed Pin From Net: NetName=GND Pin=J2-107
Removed Pin From Net: NetName=GND Pin=J2-112
Removed Pin From Net: NetName=GND Pin=J2-113
Removed Pin From Net: NetName=GND Pin=J2-118
Removed Pin From Net: NetName=GND Pin=J2-119
Removed Pin From Net: NetName=GND Pin=J2-124
Removed Pin From Net: NetName=GND Pin=J2-125
Removed Pin From Net: NetName=GND Pin=J2-133
Removed Pin From Net: NetName=GND Pin=J2-134
Removed Pin From Net: NetName=GND Pin=J2-139
Removed Pin From Net: NetName=GND Pin=J2-140
Removed Pin From Net: NetName=GND Pin=J2-145
Removed Pin From Net: NetName=GND Pin=J2-146
Removed Pin From Net: NetName=GND Pin=J2-151
Removed Pin From Net: NetName=GND Pin=J2-152
Removed Pin From Net: NetName=GND Pin=J2-157
Removed Pin From Net: NetName=GND Pin=J2-166
Removed Pin From Net: NetName=GND Pin=J2-173
Removed Pin From Net: NetName=GND Pin=J2-174
Removed Pin From Net: NetName=GND Pin=J2-179
Removed Pin From Net: NetName=GND Pin=J2-180
Removed Pin From Net: NetName=GND Pin=J2-185
Removed Pin From Net: NetName=GND Pin=J2-186
Removed Pin From Net: NetName=GND Pin=J2-191
Removed Pin From Net: NetName=GND Pin=J2-192
Removed Pin From Net: NetName=GND Pin=J2-197
Removed Pin From Net: NetName=GND Pin=J2-198
Removed Pin From Net: NetName=GND Pin=J2-203
Removed Pin From Net: NetName=GND Pin=J2-204
Removed Pin From Net: NetName=GND Pin=J2-209
Removed Pin From Net: NetName=GND Pin=J2-210
Removed Pin From Net: NetName=GND Pin=J2-215
Removed Pin From Net: NetName=GND Pin=J2-216
Removed Pin From Net: NetName=GND Pin=J2-221
Removed Pin From Net: NetName=GND Pin=J2-222
Removed Pin From Net: NetName=GND Pin=J2-228
Removed Pin From Net: NetName=GND Pin=J2-244
Removed Pin From Net: NetName=GND Pin=J2-250
Removed Pin From Net: NetName=GND Pin=J2-251
Removed Pin From Net: NetName=GND Pin=J2-256
Removed Pin From Net: NetName=GND Pin=J2-257
Removed Pin From Net: NetName=GND Pin=J2-262
Removed Pin From Net: NetName=GND Pin=J2-263
Removed Pin From Net: NetName=GND Pin=J2-268
Removed Pin From Net: NetName=GND Pin=J2-269
Removed Pin From Net: NetName=GND Pin=J2-275
Removed Pin From Net: NetName=+12V Pin=J2-E2
Removed Pin From Net: NetName=GND Pin=J2-E4
Removed Pin From Net: NetName=GND Pin=J3-MH2
Removed Pin From Net: NetName=GND Pin=J3-MH3
Removed Pin From Net: NetName=GND Pin=J3-MH4
Removed Pin From Net: NetName=GND Pin=MH3-1
Removed Pin From Net: NetName=GND Pin=MH4-1
Change Net Name : Old Net Name=GND New Net Name=SH
Added Net: Name=+3.3V
Added Net: Name=DP_A_AUX_N
Added Net: Name=DP_A_AUX_P
Added Net: Name=DP_A_L0_N
Added Net: Name=DP_A_L0_P
Added Net: Name=DP_A_L1_N
Added Net: Name=DP_A_L1_P
Added Net: Name=DP_A_L2_N
Added Net: Name=DP_A_L2_P
Added Net: Name=DP_A_L3_N
Added Net: Name=DP_A_L3_P
Added Net: Name=NetC1_1
Added Net: Name=NetC3_2
Added Net: Name=NetC4_1
Added Net: Name=NetC5_1
Added Net: Name=NetC6_1
Added Net: Name=NetC7_1
Added Net: Name=NetC8_1
Added Net: Name=NetC9_1
Added Net: Name=NetC10_1
Added Net: Name=NetC11_1
Added Net: Name=NetC12_1
Added Net: Name=NetC13_1
Added Net: Name=NetD5_2
Added Net: Name=NetD7_1
Added Net: Name=NetFB1_1
Added Net: Name=NetFB2_1
Added Net: Name=NetFB3_1
Added Net: Name=NetFB4_1
Added Net: Name=NetFB5_2
Added Net: Name=NetJ1_A1
Added Net: Name=NetR12_2
Added Net: Name=PWR_EN
Added Class: Name=PCIEx16toMXM3.0
Added Differential Pair: Name=PER0
Added Differential Pair: Name=PER1
Added Differential Pair: Name=PER2
Added Differential Pair: Name=PER3
Added Differential Pair: Name=PER4
Added Differential Pair: Name=PER5
Added Differential Pair: Name=PER6
Added Differential Pair: Name=PER7
Added Differential Pair: Name=PER8
Added Differential Pair: Name=PER9
Added Differential Pair: Name=PER10
Added Differential Pair: Name=PER11
Added Differential Pair: Name=PER12
Added Differential Pair: Name=PER13
Added Differential Pair: Name=PER14
Added Differential Pair: Name=PER15
Added Differential Pair: Name=PET0
Added Differential Pair: Name=PET1
Added Differential Pair: Name=PET2
Added Differential Pair: Name=PET3
Added Differential Pair: Name=PET4
Added Differential Pair: Name=PET5
Added Differential Pair: Name=PET6
Added Differential Pair: Name=PET7
Added Differential Pair: Name=PET8
Added Differential Pair: Name=PET9
Added Differential Pair: Name=PET10
Added Differential Pair: Name=PET11
Added Differential Pair: Name=PET12
Added Differential Pair: Name=PET13
Added Differential Pair: Name=PET14
Added Differential Pair: Name=PET15
Added Room: Name=PCIEx16toMXM3.0
