Added Pin To Net: NetName=+5V Pin=J1-1
Added Net: Name=+5V
Added Net: Name=C1
Added Net: Name=C2
Added Net: Name=C3
Added Net: Name=C4
Added Net: Name=CEC
Added Net: Name=CK_N
Added Net: Name=CK_P
Added Pin To Net: NetName=CLKREQ# Pin=P1-B12
Added Net: Name=CLKREQ#
Added Net: Name=D0_N
Added Net: Name=D0_P
Added Net: Name=D1_N
Added Net: Name=D1_P
Added Net: Name=D2_N
Added Net: Name=D2_P
Added Net: Name=DP_D_AUX#
Added Net: Name=DP_D_AUX
Added Net: Name=DP_D_HPD
Added Net: Name=DP_D_L3#
Added Net: Name=DP_D_L3
Added Net: Name=DPSNK2_AUX_C_N
Added Net: Name=DPSNK2_AUX_C_P
Added Net: Name=DPSNK2_AUX_N
Added Net: Name=DPSNK2_AUX_P
Added Pin To Net: NetName=DPSNK2_CONFIG1 Pin=J2-4
Added Net: Name=DPSNK2_CONFIG1
Added Pin To Net: NetName=DPSNK2_CONFIG2 Pin=J2-6
Added Net: Name=DPSNK2_CONFIG2
Added Pin To Net: NetName=DPSNK2_HPD Pin=J2-2
Added Net: Name=DPSNK2_HPD
Added Net: Name=DPSNK2_ML0_C_N
Added Net: Name=DPSNK2_ML0_C_P
Added Net: Name=DPSNK2_ML0_N
Added Net: Name=DPSNK2_ML0_P
Added Net: Name=DPSNK2_ML1_C_N
Added Net: Name=DPSNK2_ML1_C_P
Added Net: Name=DPSNK2_ML1_N
Added Net: Name=DPSNK2_ML1_P
Added Net: Name=DPSNK2_ML2_C_N
Added Net: Name=DPSNK2_ML2_C_P
Added Net: Name=DPSNK2_ML2_N
Added Net: Name=DPSNK2_ML2_P
Added Net: Name=DPSNK2_ML3_C_N
Added Net: Name=DPSNK2_ML3_C_P
Added Pin To Net: NetName=DPSNK2_ML3_N Pin=J2-5
Added Net: Name=DPSNK2_ML3_N
Added Pin To Net: NetName=DPSNK2_ML3_P Pin=J2-3
Added Net: Name=DPSNK2_ML3_P
Added Net: Name=Net#PWR01_1
Added Net: Name=Net#PWR02_1
Added Net: Name=Net#PWR03_1
Added Pin To Net: NetName=Net#PWR05_1 Pin=J2-1
Added Net: Name=Net#PWR05_1
Added Net: Name=Net#PWR06_1
Added Net: Name=Net#PWR07_1
Added Net: Name=Net#PWR08_1
Added Net: Name=Net#PWR09_1
Added Net: Name=Net#PWR010_1
Added Net: Name=Net#PWR011_1
Added Net: Name=Net#PWR012_1
Added Net: Name=Net#PWR013_1
Added Net: Name=Net#PWR017_1
Added Net: Name=Net#PWR018_1
Added Net: Name=Net#PWR019_1
Added Net: Name=Net#PWR020_1
Added Net: Name=Net#PWR021_1
Added Net: Name=Net#PWR022_1
Added Net: Name=Net#PWR023_1
Added Net: Name=Net#PWR024_1
Added Net: Name=Net#PWR025_1
Added Net: Name=Net#PWR026_1
Added Net: Name=Net#PWR028_1
Added Net: Name=Net#PWR029_1
Added Net: Name=Net#PWR0101_1
Added Net: Name=Net#PWR0102_1
Added Net: Name=Net#PWR0103_1
Added Net: Name=Net#PWR?_1
Added Net: Name=NetC1_1
Added Net: Name=NetC3_2
Added Net: Name=NetD5_2
Added Net: Name=NetD7_1
Added Net: Name=NetFB1_1
Added Net: Name=NetFB2_1
Added Net: Name=NetFB3_1
Added Net: Name=NetFB4_1
Added Net: Name=NetFB5_2
Added Net: Name=NetJ1_A1
Added Net: Name=NetR12_2
Added Net: Name=PER0_C_N
Added Net: Name=PER0_C_P
Added Net: Name=PER1_N
Added Net: Name=PER1_P
Added Net: Name=PER2_N
Added Net: Name=PER2_P
Added Net: Name=PER3_N
Added Net: Name=PER3_P
Added Net: Name=PER4_N
Added Net: Name=PER4_P
Added Net: Name=PER5_N
Added Net: Name=PER5_P
Added Net: Name=PER6_N
Added Net: Name=PER6_P
Added Net: Name=PER7_N
Added Net: Name=PER7_P
Added Net: Name=PER8_N
Added Net: Name=PER8_P
Added Net: Name=PER9_N
Added Net: Name=PER9_P
Added Net: Name=PER10_N
Added Net: Name=PER10_P
Added Net: Name=PER11_N
Added Net: Name=PER11_P
Added Net: Name=PER12_N
Added Net: Name=PER12_P
Added Net: Name=PER13_N
Added Net: Name=PER13_P
Added Net: Name=PER14_N
Added Net: Name=PER14_P
Added Net: Name=PER15_N
Added Net: Name=PER15_P
Added Net: Name=PERST
Added Net: Name=PET1_N
Added Net: Name=PET1_P
Added Net: Name=PET2_N
Added Net: Name=PET2_P
Added Net: Name=PET3_N
Added Net: Name=PET3_P
Added Net: Name=PET4_N
Added Net: Name=PET4_P
Added Net: Name=PET5_N
Added Net: Name=PET5_P
Added Net: Name=PET6_N
Added Net: Name=PET6_P
Added Net: Name=PET7_N
Added Net: Name=PET7_P
Added Net: Name=PET8_N
Added Net: Name=PET8_P
Added Net: Name=PET9_N
Added Net: Name=PET9_P
Added Net: Name=PET10_N
Added Net: Name=PET10_P
Added Net: Name=PET11_N
Added Net: Name=PET11_P
Added Net: Name=PET12_N
Added Net: Name=PET12_P
Added Net: Name=PET13_N
Added Net: Name=PET13_P
Added Net: Name=PET14_N
Added Net: Name=PET14_P
Added Net: Name=PET15_N
Added Net: Name=PET15_P
Added Pin To Net: NetName=PRSNT_R# Pin=J2-2
Added Net: Name=PRSNT_R#
Added Pin To Net: NetName=PWR_EN Pin=J2-8
Added Net: Name=PWR_EN
Added Net: Name=REFCLK_N
Added Net: Name=REFCLK_P
Added Net: Name=SH
Added Net: Name=TH_OVERT#
Added Net: Name=TH_PWM
Added Net: Name=TMDS_HPD
Added Net: Name=TMDS_SCL
Added Net: Name=TMDS_SDA
Added Net: Name=VGA_DISABLE#
Added Net: Name=VGA_VS
Added Pin To Net: NetName=WAKE Pin=J2-4
Added Net: Name=WAKE
