Added Pin To Net: NetName=+12V Pin=C11-1
Added Pin To Net: NetName=GND Pin=C11-2
Added Pin To Net: NetName=GND Pin=C13-1
Added Pin To Net: NetName=+12V Pin=C13-2
Added Pin To Net: NetName=NetC14_1 Pin=C14-1
Added Pin To Net: NetName=NetC14_2 Pin=C14-2
Added Pin To Net: NetName=+5V Pin=C15-1
Added Pin To Net: NetName=GND Pin=C15-2
Added Pin To Net: NetName=+5V Pin=C16-1
Added Pin To Net: NetName=NetJ2_1 Pin=J2-1
Added Pin To Net: NetName=NetJ2_1 Pin=J2-3
Added Pin To Net: NetName=NetJ2_5 Pin=J2-5
Added Pin To Net: NetName=NetJ2_5 Pin=J2-8
Added Pin To Net: NetName=NetC14_1 Pin=L1-1
Added Pin To Net: NetName=+5V Pin=L1-2
Added Pin To Net: NetName=GND Pin=R5-1
Added Pin To Net: NetName=NetR5_2 Pin=R5-2
Added Pin To Net: NetName=+HD5V Pin=R14-1
Added Pin To Net: NetName=SDA Pin=R14-2
Added Pin To Net: NetName=+5V Pin=R19-1
Added Pin To Net: NetName=NetR5_2 Pin=R19-2
Added Pin To Net: NetName=+3.3V Pin=R14-1
Added Pin To Net: NetName=CEC Pin=R14-2
Added Pin To Net: NetName=+12V Pin=R31-1
Added Pin To Net: NetName=NetR31_2 Pin=R31-2
Added Pin To Net: NetName=+12V Pin=U1-1
Added Pin To Net: NetName=NetC14_1 Pin=U1-2
Added Pin To Net: NetName=GND Pin=U1-3
Added Pin To Net: NetName=NetC14_2 Pin=U1-4
Added Pin To Net: NetName=NetR31_2 Pin=U1-5
Added Pin To Net: NetName=NetR5_2 Pin=U1-6
