Added Pin To Net: NetName=+5V Pin=J1-1
Added Pin To Net: NetName=Net#PWR05_1 Pin=J1-1
Added Pin To Net: NetName=PRSNT_R# Pin=J1-2
Added Pin To Net: NetName=WAKE Pin=J1-4
Added Pin To Net: NetName=PWR_EN Pin=J1-8
Added Pin To Net: NetName=GND Pin=J1-11
Added Pin To Net: NetName=TH_OVERT# Pin=J1-20
Added Pin To Net: NetName=VGA_DISABLE# Pin=J1-21
Added Pin To Net: NetName=TH_PWM Pin=J1-24
Added Pin To Net: NetName=CEC Pin=J1-29
Added Pin To Net: NetName=TMDS_HPD Pin=J1-31
Added Pin To Net: NetName=SMDAT Pin=J1-32
Added Pin To Net: NetName=TMDS_SDA Pin=J1-33
Added Pin To Net: NetName=SMCLK Pin=J1-34
Added Pin To Net: NetName=TMDS_SCL Pin=J1-35
Added Pin To Net: NetName=GND Pin=J1-36
Added Pin To Net: NetName=GND Pin=J1-37
Added Pin To Net: NetName=GND Pin=J1-46
Added Pin To Net: NetName=GND Pin=J1-47
Added Pin To Net: NetName=PET15_N Pin=J1-48
Added Pin To Net: NetName=PER15_N Pin=J1-49
Added Pin To Net: NetName=PET15_P Pin=J1-50
Added Pin To Net: NetName=PER15_P Pin=J1-51
Added Pin To Net: NetName=GND Pin=J1-52
Added Pin To Net: NetName=GND Pin=J1-53
Added Pin To Net: NetName=PET14_N Pin=J1-54
Added Pin To Net: NetName=PER14_N Pin=J1-55
Added Pin To Net: NetName=PET14_P Pin=J1-56
Added Pin To Net: NetName=PER14_P Pin=J1-57
Added Pin To Net: NetName=GND Pin=J1-58
Added Pin To Net: NetName=GND Pin=J1-59
Added Pin To Net: NetName=PET13_N Pin=J1-60
Added Pin To Net: NetName=PER13_N Pin=J1-61
Added Pin To Net: NetName=PET13_P Pin=J1-62
Added Pin To Net: NetName=PER13_P Pin=J1-63
Added Pin To Net: NetName=GND Pin=J1-64
Added Pin To Net: NetName=GND Pin=J1-65
Added Pin To Net: NetName=PET12_N Pin=J1-66
Added Pin To Net: NetName=PER12_N Pin=J1-67
Added Pin To Net: NetName=PET12_P Pin=J1-68
Added Pin To Net: NetName=PER12_P Pin=J1-69
Added Pin To Net: NetName=GND Pin=J1-70
Added Pin To Net: NetName=GND Pin=J1-71
Added Pin To Net: NetName=PET11_N Pin=J1-72
Added Pin To Net: NetName=PER11_N Pin=J1-73
Added Pin To Net: NetName=PET11_P Pin=J1-74
Added Pin To Net: NetName=PER11_P Pin=J1-75
Added Pin To Net: NetName=GND Pin=J1-76
Added Pin To Net: NetName=GND Pin=J1-77
Added Pin To Net: NetName=PET10_N Pin=J1-78
Added Pin To Net: NetName=PER10_N Pin=J1-79
Added Pin To Net: NetName=PET10_P Pin=J1-80
Added Pin To Net: NetName=PER10_P Pin=J1-81
Added Pin To Net: NetName=GND Pin=J1-82
Added Pin To Net: NetName=GND Pin=J1-83
Added Pin To Net: NetName=PET9_N Pin=J1-84
Added Pin To Net: NetName=PER9_N Pin=J1-85
Added Pin To Net: NetName=PET9_P Pin=J1-86
Added Pin To Net: NetName=PER9_P Pin=J1-87
Added Pin To Net: NetName=GND Pin=J1-88
Added Pin To Net: NetName=GND Pin=J1-89
Added Pin To Net: NetName=PET8_N Pin=J1-90
Added Pin To Net: NetName=PER8_N Pin=J1-91
Added Pin To Net: NetName=PET8_P Pin=J1-92
Added Pin To Net: NetName=PER8_P Pin=J1-93
Added Pin To Net: NetName=GND Pin=J1-94
Added Pin To Net: NetName=GND Pin=J1-95
Added Pin To Net: NetName=PET7_N Pin=J1-96
Added Pin To Net: NetName=PER7_N Pin=J1-97
Added Pin To Net: NetName=PET7_P Pin=J1-98
Added Pin To Net: NetName=PER7_P Pin=J1-99
Added Pin To Net: NetName=GND Pin=J1-100
Added Pin To Net: NetName=GND Pin=J1-101
Added Pin To Net: NetName=PET6_N Pin=J1-102
Added Pin To Net: NetName=PER6_N Pin=J1-103
Added Pin To Net: NetName=PET6_P Pin=J1-104
Added Pin To Net: NetName=PER6_P Pin=J1-105
Added Pin To Net: NetName=GND Pin=J1-106
Added Pin To Net: NetName=GND Pin=J1-107
Added Pin To Net: NetName=PET5_N Pin=J1-108
Added Pin To Net: NetName=PER5_N Pin=J1-109
Added Pin To Net: NetName=PET5_P Pin=J1-110
Added Pin To Net: NetName=PER5_P Pin=J1-111
Added Pin To Net: NetName=GND Pin=J1-112
Added Pin To Net: NetName=GND Pin=J1-113
Added Pin To Net: NetName=PET4_N Pin=J1-114
Added Pin To Net: NetName=PER4_N Pin=J1-115
Added Pin To Net: NetName=PET4_P Pin=J1-116
Added Pin To Net: NetName=PER4_P Pin=J1-117
Added Pin To Net: NetName=GND Pin=J1-118
Added Pin To Net: NetName=GND Pin=J1-119
Added Pin To Net: NetName=PET3_N Pin=J1-120
Added Pin To Net: NetName=PER3_N Pin=J1-121
Added Pin To Net: NetName=PET3_P Pin=J1-122
Added Pin To Net: NetName=PER3_P Pin=J1-123
Added Pin To Net: NetName=GND Pin=J1-124
Added Pin To Net: NetName=GND Pin=J1-125
Added Pin To Net: NetName=GND Pin=J1-133
Added Pin To Net: NetName=GND Pin=J1-134
Added Pin To Net: NetName=PER2_N Pin=J1-135
Added Pin To Net: NetName=PET2_N Pin=J1-136
Added Pin To Net: NetName=PER2_P Pin=J1-137
Added Pin To Net: NetName=PET2_P Pin=J1-138
Added Pin To Net: NetName=GND Pin=J1-139
Added Pin To Net: NetName=GND Pin=J1-140
Added Pin To Net: NetName=PER1_N Pin=J1-141
Added Pin To Net: NetName=PET1_N Pin=J1-142
Added Pin To Net: NetName=PER1_P Pin=J1-143
Added Pin To Net: NetName=PET1_P Pin=J1-144
Added Pin To Net: NetName=GND Pin=J1-145
Added Pin To Net: NetName=GND Pin=J1-146
Added Pin To Net: NetName=PER0_C_N Pin=J1-147
Added Pin To Net: NetName=PER0_N Pin=J1-147
Added Pin To Net: NetName=PET0_N Pin=J1-148
Added Pin To Net: NetName=PER0_C_P Pin=J1-149
Added Pin To Net: NetName=PER0_P Pin=J1-149
Added Pin To Net: NetName=PET0_P Pin=J1-150
Added Pin To Net: NetName=GND Pin=J1-151
Added Pin To Net: NetName=GND Pin=J1-152
Added Pin To Net: NetName=REFCLK_N Pin=J1-153
Added Pin To Net: NetName=CLKREQ# Pin=J1-154
Added Pin To Net: NetName=REFCLK_P Pin=J1-155
Added Pin To Net: NetName=PERST Pin=J1-156
Added Pin To Net: NetName=GND Pin=J1-157
Added Pin To Net: NetName=NetFB2_1 Pin=J1-162
Added Pin To Net: NetName=NetFB1_1 Pin=J1-164
Added Pin To Net: NetName=GND Pin=J1-166
Added Pin To Net: NetName=NetFB5_2 Pin=J1-168
Added Pin To Net: NetName=NetFB4_1 Pin=J1-170
Added Pin To Net: NetName=NetFB3_1 Pin=J1-172
Added Pin To Net: NetName=GND Pin=J1-173
Added Pin To Net: NetName=GND Pin=J1-174
Added Pin To Net: NetName=CK_N Pin=J1-176
Added Pin To Net: NetName=CK_P Pin=J1-178
Added Pin To Net: NetName=GND Pin=J1-179
Added Pin To Net: NetName=GND Pin=J1-180
Added Pin To Net: NetName=GND Pin=J1-185
Added Pin To Net: NetName=GND Pin=J1-186
Added Pin To Net: NetName=D2_N Pin=J1-188
Added Pin To Net: NetName=D2_P Pin=J1-190
Added Pin To Net: NetName=GND Pin=J1-191
Added Pin To Net: NetName=GND Pin=J1-192
Added Pin To Net: NetName=D1_N Pin=J1-194
Added Pin To Net: NetName=D1_P Pin=J1-196
Added Pin To Net: NetName=GND Pin=J1-197
Added Pin To Net: NetName=GND Pin=J1-198
Added Pin To Net: NetName=D0_N Pin=J1-200
Added Pin To Net: NetName=D0_P Pin=J1-202
Added Pin To Net: NetName=GND Pin=J1-203
Added Pin To Net: NetName=GND Pin=J1-204
Added Pin To Net: NetName=DP_D_L3# Pin=J1-206
Added Pin To Net: NetName=DP_D_L3 Pin=J1-208
Added Pin To Net: NetName=GND Pin=J1-209
Added Pin To Net: NetName=GND Pin=J1-210
Added Pin To Net: NetName=DP_D_L3# Pin=J1-212
Added Pin To Net: NetName=DP_D_L3 Pin=J1-214
Added Pin To Net: NetName=GND Pin=J1-215
Added Pin To Net: NetName=GND Pin=J1-216
Added Pin To Net: NetName=DP_D_L3# Pin=J1-218
Added Pin To Net: NetName=DP_D_L3 Pin=J1-220
Added Pin To Net: NetName=GND Pin=J1-221
Added Pin To Net: NetName=GND Pin=J1-222
Added Pin To Net: NetName=DP_D_L3# Pin=J1-224
Added Pin To Net: NetName=DP_D_L3 Pin=J1-226
Added Pin To Net: NetName=GND Pin=J1-228
Added Pin To Net: NetName=DP_D_AUX# Pin=J1-230
Added Pin To Net: NetName=DP_D_AUX Pin=J1-232
Added Pin To Net: NetName=DP_D_HPD Pin=J1-236
Added Pin To Net: NetName=GND Pin=J1-244
Added Pin To Net: NetName=GND Pin=J1-250
Added Pin To Net: NetName=GND Pin=J1-251
Added Pin To Net: NetName=GND Pin=J1-256
Added Pin To Net: NetName=GND Pin=J1-257
Added Pin To Net: NetName=GND Pin=J1-262
Added Pin To Net: NetName=GND Pin=J1-263
Added Pin To Net: NetName=GND Pin=J1-268
Added Pin To Net: NetName=GND Pin=J1-269
Added Pin To Net: NetName=GND Pin=J1-275
Added Pin To Net: NetName=Net#PWR07_1 Pin=J1-278
Added Pin To Net: NetName=+12V Pin=J1-E1
Added Pin To Net: NetName=Net#PWR06_1 Pin=J1-E1
Added Pin To Net: NetName=+12V Pin=J1-E2
Added Pin To Net: NetName=GND Pin=J1-E3
Added Pin To Net: NetName=SH Pin=J1-E3
Added Pin To Net: NetName=GND Pin=J1-E4
