Importer Log Report
Document: C:\Users\Administrator\Documents\KiCad Projects\PCIE to MXM Adapter\PCIE x16 to MXM3.0\PCIEx16toMXM3.0.kicad_pcb
    Section : Analyze Document from - C:\Users\Administrator\Documents\KiCad Projects\PCIE to MXM Adapter\PCIE x16 to MXM3.0\PCIEx16toMXM3.0.kicad_pcb
    EndSection
    Section : Import Document - C:\Users\Administrator\Documents\KiCad Projects\PCIE to MXM Adapter\PCIE x16 to MXM3.0\Imported PCIEx16toMXM3.0\PCIEx16toMXM3.0.PcbDoc
        Section : Component J1 importing.
        EndSection
        Section : Component REF** importing.
        EndSection
        Section : Component REF** importing.
        EndSection
        Section : Component MH3 importing.
        EndSection
        Section : Component MH4 importing.
        EndSection
        Section : Component J2 importing.
        EndSection
        Section : Component D1 importing.
        EndSection
        Section : Component D5 importing.
        EndSection
        Section : Component FB1 importing.
        EndSection
        Section : Component FB2 importing.
        EndSection
        Section : Component FB3 importing.
        EndSection
        Section : Component FB4 importing.
        EndSection
        Section : Component FB5 importing.
        EndSection
        Section : Component U1 importing.
        EndSection
        Section : Component D1 importing.
        EndSection
        Section : Component D5 importing.
        EndSection
        Section : Component D7 importing.
        EndSection
        Section : Component J3 importing.
        EndSection
        Section : Component J4 importing.
        EndSection
        Section : Component Q1 importing.
        EndSection
    EndSection
